<?xml version="1.0" encoding="UTF-8" ?>
<testsuite failures="0" time="10.799" errors="0" skipped="0" tests="9" name="com.puglieseweb.server.domain.FeedbackIntegrationTest">
  <properties>
    <property name="java.runtime.name" value="Java(TM) SE Runtime Environment"/>
    <property name="sun.boot.library.path" value="/usr/java/jdk1.6.0_23/jre/lib/i386"/>
    <property name="java.vm.version" value="19.0-b09"/>
    <property name="java.vm.vendor" value="Sun Microsystems Inc."/>
    <property name="java.vendor.url" value="http://java.sun.com/"/>
    <property name="path.separator" value=":"/>
    <property name="java.vm.name" value="Java HotSpot(TM) Server VM"/>
    <property name="file.encoding.pkg" value="sun.io"/>
    <property name="user.country" value="GB"/>
    <property name="sun.java.launcher" value="SUN_STANDARD"/>
    <property name="sun.os.patch.level" value="unknown"/>
    <property name="java.vm.specification.name" value="Java Virtual Machine Specification"/>
    <property name="user.dir" value="/home/pweb/dev/prjs/java/workspace/puglieseweb"/>
    <property name="java.runtime.version" value="1.6.0_23-b05"/>
    <property name="java.awt.graphicsenv" value="sun.awt.X11GraphicsEnvironment"/>
    <property name="basedir" value="/home/pweb/dev/prjs/java/workspace/puglieseweb"/>
    <property name="java.endorsed.dirs" value="/usr/java/jdk1.6.0_23/jre/lib/endorsed"/>
    <property name="os.arch" value="i386"/>
    <property name="surefire.real.class.path" value="/home/pweb/dev/prjs/java/workspace/puglieseweb/target/surefire/surefirebooter8192692499996119749.jar"/>
    <property name="java.io.tmpdir" value="/tmp"/>
    <property name="line.separator" value="
"/>
    <property name="java.vm.specification.vendor" value="Sun Microsystems Inc."/>
    <property name="os.name" value="Linux"/>
    <property name="sun.jnu.encoding" value="UTF-8"/>
    <property name="java.library.path" value="/usr/java/jdk1.6.0_23/jre/lib/i386/server:/usr/java/jdk1.6.0_23/jre/lib/i386:/usr/java/jdk1.6.0_23/jre/../lib/i386:/usr/java/jdk1.6.0_24/jre/lib/i386/server:/usr/java/jdk1.6.0_24/jre/lib/i386:/usr/java/jdk1.6.0_24/jre/../lib/i386:/usr/java/packages/lib/i386:/lib:/usr/lib"/>
    <property name="surefire.test.class.path" value="/home/pweb/dev/prjs/java/workspace/puglieseweb/target/test-classes:/home/pweb/dev/prjs/java/workspace/puglieseweb/target/puglieseweb-0.1.0.BUILD-SNAPSHOT/WEB-INF/classes:/home/pweb/.m2/repository/junit/junit/4.8.2/junit-4.8.2.jar:/home/pweb/.m2/repository/log4j/log4j/1.2.16/log4j-1.2.16.jar:/home/pweb/.m2/repository/org/slf4j/slf4j-api/1.6.1/slf4j-api-1.6.1.jar:/home/pweb/.m2/repository/org/slf4j/jcl-over-slf4j/1.6.1/jcl-over-slf4j-1.6.1.jar:/home/pweb/.m2/repository/org/slf4j/slf4j-log4j12/1.6.1/slf4j-log4j12-1.6.1.jar:/home/pweb/.m2/repository/org/aspectj/aspectjrt/1.6.11.M2/aspectjrt-1.6.11.M2.jar:/home/pweb/.m2/repository/org/aspectj/aspectjweaver/1.6.11.M2/aspectjweaver-1.6.11.M2.jar:/home/pweb/.m2/repository/javax/servlet/servlet-api/2.5/servlet-api-2.5.jar:/home/pweb/.m2/repository/net/sf/flexjson/flexjson/2.1/flexjson-2.1.jar:/home/pweb/.m2/repository/org/springframework/roo/org.springframework.roo.annotations/1.1.2.RELEASE/org.springframework.roo.annotations-1.1.2.RELEASE.jar:/home/pweb/.m2/repository/org/springframework/spring-core/3.0.5.RELEASE/spring-core-3.0.5.RELEASE.jar:/home/pweb/.m2/repository/org/springframework/spring-asm/3.0.5.RELEASE/spring-asm-3.0.5.RELEASE.jar:/home/pweb/.m2/repository/org/springframework/spring-test/3.0.5.RELEASE/spring-test-3.0.5.RELEASE.jar:/home/pweb/.m2/repository/org/springframework/spring-context/3.0.5.RELEASE/spring-context-3.0.5.RELEASE.jar:/home/pweb/.m2/repository/org/springframework/spring-aop/3.0.5.RELEASE/spring-aop-3.0.5.RELEASE.jar:/home/pweb/.m2/repository/aopalliance/aopalliance/1.0/aopalliance-1.0.jar:/home/pweb/.m2/repository/org/springframework/spring-beans/3.0.5.RELEASE/spring-beans-3.0.5.RELEASE.jar:/home/pweb/.m2/repository/org/springframework/spring-expression/3.0.5.RELEASE/spring-expression-3.0.5.RELEASE.jar:/home/pweb/.m2/repository/org/springframework/spring-aspects/3.0.5.RELEASE/spring-aspects-3.0.5.RELEASE.jar:/home/pweb/.m2/repository/org/springframework/spring-context-support/3.0.5.RELEASE/spring-context-support-3.0.5.RELEASE.jar:/home/pweb/.m2/repository/org/springframework/spring-tx/3.0.5.RELEASE/spring-tx-3.0.5.RELEASE.jar:/home/pweb/.m2/repository/com/google/appengine/orm/datanucleus-appengine/1.0.7.final/datanucleus-appengine-1.0.7.final.jar:/home/pweb/.m2/repository/com/google/appengine/appengine-api-1.0-sdk/1.4.0/appengine-api-1.0-sdk-1.4.0.jar:/home/pweb/.m2/repository/com/google/appengine/appengine-testing/1.4.0/appengine-testing-1.4.0.jar:/home/pweb/.m2/repository/com/google/appengine/appengine-api-stubs/1.4.0/appengine-api-stubs-1.4.0.jar:/home/pweb/.m2/repository/com/google/appengine/appengine-api-labs/1.4.0/appengine-api-labs-1.4.0.jar:/home/pweb/.m2/repository/javax/persistence/persistence-api/1.0/persistence-api-1.0.jar:/home/pweb/.m2/repository/org/datanucleus/datanucleus-core/1.1.5/datanucleus-core-1.1.5.jar:/home/pweb/.m2/repository/org/datanucleus/datanucleus-jpa/1.1.5/datanucleus-jpa-1.1.5.jar:/home/pweb/.m2/repository/org/apache/geronimo/specs/geronimo-jpa_3.0_spec/1.1.1/geronimo-jpa_3.0_spec-1.1.1.jar:/home/pweb/.m2/repository/org/datanucleus/datanucleus-rdbms/1.1.5/datanucleus-rdbms-1.1.5.jar:/home/pweb/.m2/repository/javax/transaction/transaction-api/1.1/transaction-api-1.1.jar:/home/pweb/.m2/repository/org/datanucleus/datanucleus-enhancer/1.1.4/datanucleus-enhancer-1.1.4.jar:/home/pweb/.m2/repository/asm/asm/3.3.1/asm-3.3.1.jar:/home/pweb/.m2/repository/javax/jdo/jdo2-api/2.3-ec/jdo2-api-2.3-ec.jar:/home/pweb/.m2/repository/javax/transaction/jta/1.1/jta-1.1.jar:/home/pweb/.m2/repository/org/hibernate/hibernate-validator/4.1.0.Final/hibernate-validator-4.1.0.Final.jar:/home/pweb/.m2/repository/javax/validation/validation-api/1.0.0.GA/validation-api-1.0.0.GA.jar:/home/pweb/.m2/repository/cglib/cglib-nodep/2.2/cglib-nodep-2.2.jar:/home/pweb/.m2/repository/org/springframework/spring-jdbc/3.0.5.RELEASE/spring-jdbc-3.0.5.RELEASE.jar:/home/pweb/.m2/repository/org/springframework/spring-orm/3.0.5.RELEASE/spring-orm-3.0.5.RELEASE.jar:/home/pweb/.m2/repository/commons-pool/commons-pool/1.5.4/commons-pool-1.5.4.jar:/home/pweb/.m2/repository/commons-dbcp/commons-dbcp/1.3/commons-dbcp-1.3.jar:/home/pweb/.m2/repository/org/springframework/spring-web/3.0.5.RELEASE/spring-web-3.0.5.RELEASE.jar:/home/pweb/.m2/repository/org/springframework/spring-webmvc/3.0.5.RELEASE/spring-webmvc-3.0.5.RELEASE.jar:/home/pweb/.m2/repository/org/springframework/webflow/spring-js-resources/2.2.1.RELEASE/spring-js-resources-2.2.1.RELEASE.jar:/home/pweb/.m2/repository/commons-digester/commons-digester/2.0/commons-digester-2.0.jar:/home/pweb/.m2/repository/commons-beanutils/commons-beanutils/1.8.0/commons-beanutils-1.8.0.jar:/home/pweb/.m2/repository/commons-fileupload/commons-fileupload/1.2.1/commons-fileupload-1.2.1.jar:/home/pweb/.m2/repository/javax/servlet/jstl/1.2/jstl-1.2.jar:/home/pweb/.m2/repository/javax/el/el-api/1.0/el-api-1.0.jar:/home/pweb/.m2/repository/joda-time/joda-time/1.6/joda-time-1.6.jar:/home/pweb/.m2/repository/javax/servlet/jsp/jsp-api/2.1/jsp-api-2.1.jar:/home/pweb/.m2/repository/com/google/gwt/gwt-servlet/2.2.0/gwt-servlet-2.2.0.jar:/home/pweb/.m2/repository/com/google/gwt/gwt-user/2.2.0/gwt-user-2.2.0.jar:/home/pweb/.m2/repository/org/json/json/20090211/json-20090211.jar:/home/pweb/.m2/repository/com/googlecode/gwt/inject/gin/1.5/gin-1.5.jar:/home/pweb/.m2/repository/com/google/inject/guice/3.0-rc2/guice-3.0-rc2.jar:/home/pweb/.m2/repository/javax/inject/javax.inject/1/javax.inject-1.jar:/home/pweb/.m2/repository/com/google/inject/extensions/guice-assistedinject/3.0-rc2/guice-assistedinject-3.0-rc2.jar:/home/pweb/.m2/repository/xalan/xalan/2.7.1/xalan-2.7.1.jar:/home/pweb/.m2/repository/xalan/serializer/2.7.1/serializer-2.7.1.jar:/home/pweb/.m2/repository/xml-apis/xml-apis/1.3.04/xml-apis-1.3.04.jar:"/>
    <property name="java.specification.name" value="Java Platform API Specification"/>
    <property name="java.class.version" value="50.0"/>
    <property name="sun.management.compiler" value="HotSpot Tiered Compilers"/>
    <property name="os.version" value="2.6.35.11-83.fc14.i686"/>
    <property name="user.home" value="/home/pweb"/>
    <property name="user.timezone" value="GB-Eire"/>
    <property name="java.awt.printerjob" value="sun.print.PSPrinterJob"/>
    <property name="file.encoding" value="UTF-8"/>
    <property name="java.specification.version" value="1.6"/>
    <property name="user.name" value="pweb"/>
    <property name="java.class.path" value="/home/pweb/dev/prjs/java/workspace/puglieseweb/target/test-classes:/home/pweb/dev/prjs/java/workspace/puglieseweb/target/puglieseweb-0.1.0.BUILD-SNAPSHOT/WEB-INF/classes:/home/pweb/.m2/repository/junit/junit/4.8.2/junit-4.8.2.jar:/home/pweb/.m2/repository/log4j/log4j/1.2.16/log4j-1.2.16.jar:/home/pweb/.m2/repository/org/slf4j/slf4j-api/1.6.1/slf4j-api-1.6.1.jar:/home/pweb/.m2/repository/org/slf4j/jcl-over-slf4j/1.6.1/jcl-over-slf4j-1.6.1.jar:/home/pweb/.m2/repository/org/slf4j/slf4j-log4j12/1.6.1/slf4j-log4j12-1.6.1.jar:/home/pweb/.m2/repository/org/aspectj/aspectjrt/1.6.11.M2/aspectjrt-1.6.11.M2.jar:/home/pweb/.m2/repository/org/aspectj/aspectjweaver/1.6.11.M2/aspectjweaver-1.6.11.M2.jar:/home/pweb/.m2/repository/javax/servlet/servlet-api/2.5/servlet-api-2.5.jar:/home/pweb/.m2/repository/net/sf/flexjson/flexjson/2.1/flexjson-2.1.jar:/home/pweb/.m2/repository/org/springframework/roo/org.springframework.roo.annotations/1.1.2.RELEASE/org.springframework.roo.annotations-1.1.2.RELEASE.jar:/home/pweb/.m2/repository/org/springframework/spring-core/3.0.5.RELEASE/spring-core-3.0.5.RELEASE.jar:/home/pweb/.m2/repository/org/springframework/spring-asm/3.0.5.RELEASE/spring-asm-3.0.5.RELEASE.jar:/home/pweb/.m2/repository/org/springframework/spring-test/3.0.5.RELEASE/spring-test-3.0.5.RELEASE.jar:/home/pweb/.m2/repository/org/springframework/spring-context/3.0.5.RELEASE/spring-context-3.0.5.RELEASE.jar:/home/pweb/.m2/repository/org/springframework/spring-aop/3.0.5.RELEASE/spring-aop-3.0.5.RELEASE.jar:/home/pweb/.m2/repository/aopalliance/aopalliance/1.0/aopalliance-1.0.jar:/home/pweb/.m2/repository/org/springframework/spring-beans/3.0.5.RELEASE/spring-beans-3.0.5.RELEASE.jar:/home/pweb/.m2/repository/org/springframework/spring-expression/3.0.5.RELEASE/spring-expression-3.0.5.RELEASE.jar:/home/pweb/.m2/repository/org/springframework/spring-aspects/3.0.5.RELEASE/spring-aspects-3.0.5.RELEASE.jar:/home/pweb/.m2/repository/org/springframework/spring-context-support/3.0.5.RELEASE/spring-context-support-3.0.5.RELEASE.jar:/home/pweb/.m2/repository/org/springframework/spring-tx/3.0.5.RELEASE/spring-tx-3.0.5.RELEASE.jar:/home/pweb/.m2/repository/com/google/appengine/orm/datanucleus-appengine/1.0.7.final/datanucleus-appengine-1.0.7.final.jar:/home/pweb/.m2/repository/com/google/appengine/appengine-api-1.0-sdk/1.4.0/appengine-api-1.0-sdk-1.4.0.jar:/home/pweb/.m2/repository/com/google/appengine/appengine-testing/1.4.0/appengine-testing-1.4.0.jar:/home/pweb/.m2/repository/com/google/appengine/appengine-api-stubs/1.4.0/appengine-api-stubs-1.4.0.jar:/home/pweb/.m2/repository/com/google/appengine/appengine-api-labs/1.4.0/appengine-api-labs-1.4.0.jar:/home/pweb/.m2/repository/javax/persistence/persistence-api/1.0/persistence-api-1.0.jar:/home/pweb/.m2/repository/org/datanucleus/datanucleus-core/1.1.5/datanucleus-core-1.1.5.jar:/home/pweb/.m2/repository/org/datanucleus/datanucleus-jpa/1.1.5/datanucleus-jpa-1.1.5.jar:/home/pweb/.m2/repository/org/apache/geronimo/specs/geronimo-jpa_3.0_spec/1.1.1/geronimo-jpa_3.0_spec-1.1.1.jar:/home/pweb/.m2/repository/org/datanucleus/datanucleus-rdbms/1.1.5/datanucleus-rdbms-1.1.5.jar:/home/pweb/.m2/repository/javax/transaction/transaction-api/1.1/transaction-api-1.1.jar:/home/pweb/.m2/repository/org/datanucleus/datanucleus-enhancer/1.1.4/datanucleus-enhancer-1.1.4.jar:/home/pweb/.m2/repository/asm/asm/3.3.1/asm-3.3.1.jar:/home/pweb/.m2/repository/javax/jdo/jdo2-api/2.3-ec/jdo2-api-2.3-ec.jar:/home/pweb/.m2/repository/javax/transaction/jta/1.1/jta-1.1.jar:/home/pweb/.m2/repository/org/hibernate/hibernate-validator/4.1.0.Final/hibernate-validator-4.1.0.Final.jar:/home/pweb/.m2/repository/javax/validation/validation-api/1.0.0.GA/validation-api-1.0.0.GA.jar:/home/pweb/.m2/repository/cglib/cglib-nodep/2.2/cglib-nodep-2.2.jar:/home/pweb/.m2/repository/org/springframework/spring-jdbc/3.0.5.RELEASE/spring-jdbc-3.0.5.RELEASE.jar:/home/pweb/.m2/repository/org/springframework/spring-orm/3.0.5.RELEASE/spring-orm-3.0.5.RELEASE.jar:/home/pweb/.m2/repository/commons-pool/commons-pool/1.5.4/commons-pool-1.5.4.jar:/home/pweb/.m2/repository/commons-dbcp/commons-dbcp/1.3/commons-dbcp-1.3.jar:/home/pweb/.m2/repository/org/springframework/spring-web/3.0.5.RELEASE/spring-web-3.0.5.RELEASE.jar:/home/pweb/.m2/repository/org/springframework/spring-webmvc/3.0.5.RELEASE/spring-webmvc-3.0.5.RELEASE.jar:/home/pweb/.m2/repository/org/springframework/webflow/spring-js-resources/2.2.1.RELEASE/spring-js-resources-2.2.1.RELEASE.jar:/home/pweb/.m2/repository/commons-digester/commons-digester/2.0/commons-digester-2.0.jar:/home/pweb/.m2/repository/commons-beanutils/commons-beanutils/1.8.0/commons-beanutils-1.8.0.jar:/home/pweb/.m2/repository/commons-fileupload/commons-fileupload/1.2.1/commons-fileupload-1.2.1.jar:/home/pweb/.m2/repository/javax/servlet/jstl/1.2/jstl-1.2.jar:/home/pweb/.m2/repository/javax/el/el-api/1.0/el-api-1.0.jar:/home/pweb/.m2/repository/joda-time/joda-time/1.6/joda-time-1.6.jar:/home/pweb/.m2/repository/javax/servlet/jsp/jsp-api/2.1/jsp-api-2.1.jar:/home/pweb/.m2/repository/com/google/gwt/gwt-servlet/2.2.0/gwt-servlet-2.2.0.jar:/home/pweb/.m2/repository/com/google/gwt/gwt-user/2.2.0/gwt-user-2.2.0.jar:/home/pweb/.m2/repository/org/json/json/20090211/json-20090211.jar:/home/pweb/.m2/repository/com/googlecode/gwt/inject/gin/1.5/gin-1.5.jar:/home/pweb/.m2/repository/com/google/inject/guice/3.0-rc2/guice-3.0-rc2.jar:/home/pweb/.m2/repository/javax/inject/javax.inject/1/javax.inject-1.jar:/home/pweb/.m2/repository/com/google/inject/extensions/guice-assistedinject/3.0-rc2/guice-assistedinject-3.0-rc2.jar:/home/pweb/.m2/repository/xalan/xalan/2.7.1/xalan-2.7.1.jar:/home/pweb/.m2/repository/xalan/serializer/2.7.1/serializer-2.7.1.jar:/home/pweb/.m2/repository/xml-apis/xml-apis/1.3.04/xml-apis-1.3.04.jar:"/>
    <property name="java.vm.specification.version" value="1.0"/>
    <property name="sun.arch.data.model" value="32"/>
    <property name="java.home" value="/usr/java/jdk1.6.0_23/jre"/>
    <property name="java.specification.vendor" value="Sun Microsystems Inc."/>
    <property name="user.language" value="en"/>
    <property name="java.vm.info" value="mixed mode"/>
    <property name="java.version" value="1.6.0_23"/>
    <property name="java.ext.dirs" value="/usr/java/jdk1.6.0_23/jre/lib/ext:/usr/java/packages/lib/ext"/>
    <property name="sun.boot.class.path" value="/usr/java/jdk1.6.0_23/jre/lib/resources.jar:/usr/java/jdk1.6.0_23/jre/lib/rt.jar:/usr/java/jdk1.6.0_23/jre/lib/sunrsasign.jar:/usr/java/jdk1.6.0_23/jre/lib/jsse.jar:/usr/java/jdk1.6.0_23/jre/lib/jce.jar:/usr/java/jdk1.6.0_23/jre/lib/charsets.jar:/usr/java/jdk1.6.0_23/jre/lib/modules/jdk.boot.jar:/usr/java/jdk1.6.0_23/jre/classes"/>
    <property name="java.vendor" value="Sun Microsystems Inc."/>
    <property name="localRepository" value="/home/pweb/.m2/repository"/>
    <property name="file.separator" value="/"/>
    <property name="java.vendor.url.bug" value="http://java.sun.com/cgi-bin/bugreport.cgi"/>
    <property name="sun.cpu.endian" value="little"/>
    <property name="sun.io.unicode.encoding" value="UnicodeLittle"/>
    <property name="sun.desktop" value="gnome"/>
    <property name="sun.cpu.isalist" value=""/>
  </properties>
  <testcase time="7.972" classname="com.puglieseweb.server.domain.FeedbackIntegrationTest" name="testMarkerMethod"/>
  <testcase time="1.133" classname="com.puglieseweb.server.domain.FeedbackIntegrationTest" name="testCountFeedbacks"/>
  <testcase time="0.073" classname="com.puglieseweb.server.domain.FeedbackIntegrationTest" name="testFindFeedback"/>
  <testcase time="0.11" classname="com.puglieseweb.server.domain.FeedbackIntegrationTest" name="testFindAllFeedbacks"/>
  <testcase time="0.137" classname="com.puglieseweb.server.domain.FeedbackIntegrationTest" name="testFindFeedbackEntries"/>
  <testcase time="0.139" classname="com.puglieseweb.server.domain.FeedbackIntegrationTest" name="testFlush"/>
  <testcase time="0.105" classname="com.puglieseweb.server.domain.FeedbackIntegrationTest" name="testMerge"/>
  <testcase time="0.083" classname="com.puglieseweb.server.domain.FeedbackIntegrationTest" name="testPersist"/>
  <testcase time="0.199" classname="com.puglieseweb.server.domain.FeedbackIntegrationTest" name="testRemove"/>
</testsuite>